[0.017s] Invoking command in '/home/anthony/Desktop/Assignment7/build/warehouse_robot': CMAKE_PREFIX_PATH=${CMAKE_PREFIX_PATH}:/home/anthony/Desktop/Assignment7/install/warehouse_robot_py:/opt/ros/humble /usr/bin/cmake /home/anthony/Desktop/Assignment7/src/warehouse_robot -DAMENT_CMAKE_SYMLINK_INSTALL=1 -DCMAKE_INSTALL_PREFIX=/home/anthony/Desktop/Assignment7/install/warehouse_robot
[0.382s] -- The C compiler identification is GNU 11.4.0
[0.659s] -- The CXX compiler identification is GNU 11.4.0
[0.684s] -- Detecting C compiler ABI info
[0.861s] -- Detecting C compiler ABI info - done
[0.873s] -- Check for working C compiler: /usr/bin/cc - skipped
[0.875s] -- Detecting C compile features
[0.877s] -- Detecting C compile features - done
[0.885s] -- Detecting CXX compiler ABI info
[1.004s] -- Detecting CXX compiler ABI info - done
[1.023s] -- Check for working CXX compiler: /usr/bin/c++ - skipped
[1.024s] -- Detecting CXX compile features
[1.025s] -- Detecting CXX compile features - done
[1.044s] -- Found ament_cmake: 1.3.9 (/opt/ros/humble/share/ament_cmake/cmake)
[1.381s] -- Found Python3: /usr/bin/python3 (found version "3.10.12") found components: Interpreter 
[1.509s] -- Override CMake install command with custom implementation using symlinks instead of copying resources
[1.541s] -- Found rosidl_default_generators: 1.2.0 (/opt/ros/humble/share/rosidl_default_generators/cmake)
[1.544s] -- Using all available rosidl_typesupport_c: rosidl_typesupport_fastrtps_c;rosidl_typesupport_introspection_c
[1.552s] -- Found rosidl_adapter: 3.1.5 (/opt/ros/humble/share/rosidl_adapter/cmake)
[1.625s] -- Using all available rosidl_typesupport_cpp: rosidl_typesupport_fastrtps_cpp;rosidl_typesupport_introspection_cpp
[2.378s] -- Found ament_cmake_ros: 0.10.0 (/opt/ros/humble/share/ament_cmake_ros/cmake)
[2.738s] -- Using all available rosidl_typesupport_c: rosidl_typesupport_fastrtps_c;rosidl_typesupport_introspection_c
[3.294s] -- Using all available rosidl_typesupport_cpp: rosidl_typesupport_fastrtps_cpp;rosidl_typesupport_introspection_cpp
[3.332s] -- Found PythonInterp: /usr/bin/python3 (found suitable version "3.10.12", minimum required is "3.6") 
[3.333s] -- Found python_cmake_module: 0.10.0 (/opt/ros/humble/share/python_cmake_module/cmake)
[3.386s] -- Found PythonLibs: /usr/lib/x86_64-linux-gnu/libpython3.10.so (found suitable version "3.10.12", minimum required is "3.5") 
[3.387s] -- Using PYTHON_EXECUTABLE: /usr/bin/python3
[3.387s] -- Using PYTHON_INCLUDE_DIRS: /usr/include/python3.10
[3.387s] -- Using PYTHON_LIBRARIES: /usr/lib/x86_64-linux-gnu/libpython3.10.so
[3.439s] -- Found PythonExtra: .so  
[3.580s] -- Configuring done
[3.657s] -- Generating done
[3.664s] -- Build files have been written to: /home/anthony/Desktop/Assignment7/build/warehouse_robot
[3.671s] Invoked command in '/home/anthony/Desktop/Assignment7/build/warehouse_robot' returned '0': CMAKE_PREFIX_PATH=${CMAKE_PREFIX_PATH}:/home/anthony/Desktop/Assignment7/install/warehouse_robot_py:/opt/ros/humble /usr/bin/cmake /home/anthony/Desktop/Assignment7/src/warehouse_robot -DAMENT_CMAKE_SYMLINK_INSTALL=1 -DCMAKE_INSTALL_PREFIX=/home/anthony/Desktop/Assignment7/install/warehouse_robot
[3.673s] Invoking command in '/home/anthony/Desktop/Assignment7/build/warehouse_robot': CMAKE_PREFIX_PATH=${CMAKE_PREFIX_PATH}:/home/anthony/Desktop/Assignment7/install/warehouse_robot_py:/opt/ros/humble /usr/bin/cmake --build /home/anthony/Desktop/Assignment7/build/warehouse_robot -- -j2 -l2
[3.739s] [35m[1mConsolidate compiler generated dependencies of target warehouse_robot__rosidl_generator_c[0m
[3.755s] [ 10%] Built target warehouse_robot__rosidl_generator_c
[3.755s] [ 12%] Built target warehouse_robot__cpp
[3.769s] [35m[1mConsolidate compiler generated dependencies of target warehouse_robot__rosidl_typesupport_cpp[0m
[3.794s] [ 23%] Built target warehouse_robot__rosidl_typesupport_cpp
[3.799s] failed to create symbolic link '/home/anthony/Desktop/Assignment7/build/warehouse_robot/ament_cmake_python/warehouse_robot/warehouse_robot' because existing path cannot be removed: Is a directory
[3.803s] gmake[2]: *** [CMakeFiles/ament_cmake_python_symlink_warehouse_robot.dir/build.make:70: CMakeFiles/ament_cmake_python_symlink_warehouse_robot] Error 1
[3.803s] gmake[1]: *** [CMakeFiles/Makefile2:421: CMakeFiles/ament_cmake_python_symlink_warehouse_robot.dir/all] Error 2
[3.803s] gmake[1]: *** Waiting for unfinished jobs....
[3.819s] [35m[1mConsolidate compiler generated dependencies of target warehouse_robot__rosidl_typesupport_fastrtps_c[0m
[3.846s] [ 33%] Built target warehouse_robot__rosidl_typesupport_fastrtps_c
[3.848s] gmake: *** [Makefile:146: all] Error 2
[3.852s] Invoked command in '/home/anthony/Desktop/Assignment7/build/warehouse_robot' returned '2': CMAKE_PREFIX_PATH=${CMAKE_PREFIX_PATH}:/home/anthony/Desktop/Assignment7/install/warehouse_robot_py:/opt/ros/humble /usr/bin/cmake --build /home/anthony/Desktop/Assignment7/build/warehouse_robot -- -j2 -l2
